<?xml version="1.0" encoding="UTF-8"?>
<!-- Generated by org.testng.reporters.JUnitXMLReporter -->
<testsuite hostname="Elions-MacBook-Pro.local" ignored="0" name="Group Test" tests="4" failures="1" timestamp="2020-05-26T18:11:53 EDT" time="0.049" errors="0">
  <testcase name="test2" time="0.004" classname="com.class03.GroupRun"/>
  <testcase name="test3" time="0.004" classname="com.class03.GroupRun">
    <failure type="java.lang.AssertionError" message="did not expect to find [true] but found [false]">
      <![CDATA[java.lang.AssertionError: did not expect to find [true] but found [false]
at com.class03.GroupRun.test3(GroupRun.java:32)
at java.util.ArrayList.forEach(ArrayList.java:1249)
... Removed 31 stack frames]]>
    </failure>
  </testcase> <!-- test3 -->
  <testcase name="test4" time="0.001" classname="com.class03.GroupRun"/>
  <testcase name="test1" time="0.001" classname="com.class03.GroupRun"/>
</testsuite> <!-- Group Test -->
