<?xml version="1.0" encoding="UTF-8"?>
<!-- Generated by org.testng.reporters.JUnitReportReporter -->
<testsuite hostname="LAPTOP-S7EFOJ0I" failures="0" tests="4" name="com.test.LoginTest" time="13.395" errors="1" timestamp="2020-05-26T20:07:57 EDT" skipped="3">
  <testcase classname="com.test.LoginTest" name="invalidPasswordLogin" time="0.000">
    <skipped/>
  </testcase> <!-- invalidPasswordLogin -->
  <system-out/>
  <testcase classname="com.test.LoginTest" name="validAdminLogin" time="0.000">
    <skipped/>
  </testcase> <!-- validAdminLogin -->
  <system-out/>
  <testcase classname="com.test.LoginTest" name="setUp" time="13.395">
    <error message="session not created
from chrome not reachable
  (Session info: chrome=81.0.4044.138)
Build info: version: &#039;3.141.59&#039;, revision: &#039;e82be7d358&#039;, time: &#039;2018-11-14T08:25:48&#039;
System info: host: &#039;LAPTOP-S7EFOJ0I&#039;, ip: &#039;10.200.23.177&#039;, os.name: &#039;Windows 10&#039;, os.arch: &#039;amd64&#039;, os.version: &#039;10.0&#039;, java.version: &#039;13.0.2&#039;
Driver info: driver.version: ChromeDriver
remote stacktrace: Backtrace:
	Ordinal0 [0x004A5F73+2449267]
	Ordinal0 [0x003D8361+1606497]
	Ordinal0 [0x002CF812+522258]
	Ordinal0 [0x002C95B2+497074]
	Ordinal0 [0x002C9C9B+498843]
	Ordinal0 [0x002CABF5+502773]
	Ordinal0 [0x002C6724+485156]
	Ordinal0 [0x002D0600+525824]
	Ordinal0 [0x0027CBB9+183225]
	Ordinal0 [0x0027BF2D+180013]
	Ordinal0 [0x00279E5B+171611]
	Ordinal0 [0x00261DD8+73176]
	Ordinal0 [0x00262E50+77392]
	Ordinal0 [0x00262DE9+77289]
	Ordinal0 [0x003ED8D7+1693911]
	GetHandleVerifier [0x00544036+522726]
	GetHandleVerifier [0x00543D74+522020]
	GetHandleVerifier [0x00559187+609079]
	GetHandleVerifier [0x005448A6+524886]
	Ordinal0 [0x003E5CBC+1662140]
	Ordinal0 [0x003EF23B+1700411]
	Ordinal0 [0x003EF3A3+1700771]
	Ordinal0 [0x00405215+1790485]
	BaseThreadInitThunk [0x77526359+25]
	RtlGetAppContainerNamedObjectPath [0x779B7C24+228]
	RtlGetAppContainerNamedObjectPath [0x779B7BF4+180]
" type="org.openqa.selenium.SessionNotCreatedException">
      <![CDATA[org.openqa.selenium.SessionNotCreatedException: session not created
from chrome not reachable
  (Session info: chrome=81.0.4044.138)
Build info: version: '3.141.59', revision: 'e82be7d358', time: '2018-11-14T08:25:48'
System info: host: 'LAPTOP-S7EFOJ0I', ip: '10.200.23.177', os.name: 'Windows 10', os.arch: 'amd64', os.version: '10.0', java.version: '13.0.2'
Driver info: driver.version: ChromeDriver
remote stacktrace: Backtrace:
Ordinal0 [0x004A5F73+2449267]
Ordinal0 [0x003D8361+1606497]
Ordinal0 [0x002CF812+522258]
Ordinal0 [0x002C95B2+497074]
Ordinal0 [0x002C9C9B+498843]
Ordinal0 [0x002CABF5+502773]
Ordinal0 [0x002C6724+485156]
Ordinal0 [0x002D0600+525824]
Ordinal0 [0x0027CBB9+183225]
Ordinal0 [0x0027BF2D+180013]
Ordinal0 [0x00279E5B+171611]
Ordinal0 [0x00261DD8+73176]
Ordinal0 [0x00262E50+77392]
Ordinal0 [0x00262DE9+77289]
Ordinal0 [0x003ED8D7+1693911]
GetHandleVerifier [0x00544036+522726]
GetHandleVerifier [0x00543D74+522020]
GetHandleVerifier [0x00559187+609079]
GetHandleVerifier [0x005448A6+524886]
Ordinal0 [0x003E5CBC+1662140]
Ordinal0 [0x003EF23B+1700411]
Ordinal0 [0x003EF3A3+1700771]
Ordinal0 [0x00405215+1790485]
BaseThreadInitThunk [0x77526359+25]
RtlGetAppContainerNamedObjectPath [0x779B7C24+228]
RtlGetAppContainerNamedObjectPath [0x779B7BF4+180]

at java.base/jdk.internal.reflect.NativeConstructorAccessorImpl.newInstance0(Native Method)
at java.base/jdk.internal.reflect.NativeConstructorAccessorImpl.newInstance(NativeConstructorAccessorImpl.java:62)
at java.base/jdk.internal.reflect.DelegatingConstructorAccessorImpl.newInstance(DelegatingConstructorAccessorImpl.java:45)
at java.base/java.lang.reflect.Constructor.newInstanceWithCaller(Constructor.java:500)
at java.base/java.lang.reflect.Constructor.newInstance(Constructor.java:481)
at org.openqa.selenium.remote.W3CHandshakeResponse.lambda$errorHandler$0(W3CHandshakeResponse.java:62)
at org.openqa.selenium.remote.HandshakeResponse.lambda$getResponseFunction$0(HandshakeResponse.java:30)
at org.openqa.selenium.remote.ProtocolHandshake.lambda$createSession$0(ProtocolHandshake.java:126)
at java.base/java.util.stream.ReferencePipeline$3$1.accept(ReferencePipeline.java:195)
at java.base/java.util.Spliterators$ArraySpliterator.tryAdvance(Spliterators.java:958)
at java.base/java.util.stream.ReferencePipeline.forEachWithCancel(ReferencePipeline.java:127)
at java.base/java.util.stream.AbstractPipeline.copyIntoWithCancel(AbstractPipeline.java:502)
at java.base/java.util.stream.AbstractPipeline.copyInto(AbstractPipeline.java:488)
at java.base/java.util.stream.AbstractPipeline.wrapAndCopyInto(AbstractPipeline.java:474)
at java.base/java.util.stream.FindOps$FindOp.evaluateSequential(FindOps.java:150)
at java.base/java.util.stream.AbstractPipeline.evaluate(AbstractPipeline.java:234)
at java.base/java.util.stream.ReferencePipeline.findFirst(ReferencePipeline.java:543)
at org.openqa.selenium.remote.ProtocolHandshake.createSession(ProtocolHandshake.java:128)
at org.openqa.selenium.remote.ProtocolHandshake.createSession(ProtocolHandshake.java:74)
at org.openqa.selenium.remote.HttpCommandExecutor.execute(HttpCommandExecutor.java:136)
at org.openqa.selenium.remote.service.DriverCommandExecutor.execute(DriverCommandExecutor.java:83)
at org.openqa.selenium.remote.RemoteWebDriver.execute(RemoteWebDriver.java:552)
at org.openqa.selenium.remote.RemoteWebDriver.startSession(RemoteWebDriver.java:213)
at org.openqa.selenium.remote.RemoteWebDriver.<init>(RemoteWebDriver.java:131)
at org.openqa.selenium.chrome.ChromeDriver.<init>(ChromeDriver.java:181)
at org.openqa.selenium.chrome.ChromeDriver.<init>(ChromeDriver.java:168)
at org.openqa.selenium.chrome.ChromeDriver.<init>(ChromeDriver.java:123)
at com.utils.BaseClass.setUp(BaseClass.java:26)
at java.base/jdk.internal.reflect.NativeMethodAccessorImpl.invoke0(Native Method)
at java.base/jdk.internal.reflect.NativeMethodAccessorImpl.invoke(NativeMethodAccessorImpl.java:62)
at java.base/jdk.internal.reflect.DelegatingMethodAccessorImpl.invoke(DelegatingMethodAccessorImpl.java:43)
at java.base/java.lang.reflect.Method.invoke(Method.java:567)
at org.testng.internal.MethodInvocationHelper.invokeMethod(MethodInvocationHelper.java:135)
at org.testng.internal.MethodInvocationHelper.invokeMethodConsideringTimeout(MethodInvocationHelper.java:64)
at org.testng.internal.ConfigInvoker.invokeConfigurationMethod(ConfigInvoker.java:364)
at org.testng.internal.ConfigInvoker.invokeConfigurations(ConfigInvoker.java:318)
at org.testng.internal.TestInvoker.runConfigMethods(TestInvoker.java:700)
at org.testng.internal.TestInvoker.invokeMethod(TestInvoker.java:527)
at org.testng.internal.TestInvoker.invokeTestMethod(TestInvoker.java:174)
at org.testng.internal.MethodRunner.runInSequence(MethodRunner.java:46)
at org.testng.internal.TestInvoker$MethodInvocationAgent.invoke(TestInvoker.java:821)
at org.testng.internal.TestInvoker.invokeTestMethods(TestInvoker.java:147)
at org.testng.internal.TestMethodWorker.invokeTestMethods(TestMethodWorker.java:146)
at org.testng.internal.TestMethodWorker.run(TestMethodWorker.java:128)
at java.base/java.util.ArrayList.forEach(ArrayList.java:1507)
at org.testng.TestRunner.privateRun(TestRunner.java:767)
at org.testng.TestRunner.run(TestRunner.java:588)
at org.testng.SuiteRunner.runTest(SuiteRunner.java:384)
at org.testng.SuiteRunner.runSequentially(SuiteRunner.java:378)
at org.testng.SuiteRunner.privateRun(SuiteRunner.java:337)
at org.testng.SuiteRunner.run(SuiteRunner.java:286)
at org.testng.SuiteRunnerWorker.runSuite(SuiteRunnerWorker.java:53)
at org.testng.SuiteRunnerWorker.run(SuiteRunnerWorker.java:96)
at org.testng.TestNG.runSuitesSequentially(TestNG.java:1214)
at org.testng.TestNG.runSuitesLocally(TestNG.java:1136)
at org.testng.TestNG.runSuites(TestNG.java:1066)
at org.testng.TestNG.run(TestNG.java:1034)
at org.testng.remote.AbstractRemoteTestNG.run(AbstractRemoteTestNG.java:115)
at org.testng.remote.RemoteTestNG.initAndRun(RemoteTestNG.java:251)
at org.testng.remote.RemoteTestNG.main(RemoteTestNG.java:77)
]]>
    </error>
  </testcase> <!-- setUp -->
  <system-out/>
  <testcase classname="com.test.LoginTest" name="emptyUsernameLogin" time="0.000">
    <skipped/>
  </testcase> <!-- emptyUsernameLogin -->
  <system-out/>
</testsuite> <!-- com.test.LoginTest -->
